
*** Running vivado
    with args -log design_1_dlmb_v10_0.vds -m64 -product Vivado -mode batch -messageDb vivado.pb -notrace -source design_1_dlmb_v10_0.tcl


****** Vivado v2019.1 (64-bit)
  **** SW Build 2552052 on Fri May 24 14:47:09 MDT 2019
  **** IP Build 2548770 on Fri May 24 18:01:18 MDT 2019
    ** Copyright 1986-2019 Xilinx, Inc. All Rights Reserved.

source design_1_dlmb_v10_0.tcl -notrace
Command: synth_design -top design_1_dlmb_v10_0 -part xc7a100tcsg324-1 -mode out_of_context
Starting synth_design
Attempting to get a license for feature 'Synthesis' and/or device 'xc7a100t'
INFO: [Common 17-349] Got license for feature 'Synthesis' and/or device 'xc7a100t'
INFO: [Device 21-403] Loading part xc7a100tcsg324-1
INFO: Launching helper process for spawning children vivado processes
INFO: Helper process launched with PID 81836 
---------------------------------------------------------------------------------
Starting RTL Elaboration : Time (s): cpu = 00:00:05 ; elapsed = 00:00:07 . Memory (MB): peak = 1795.387 ; gain = 151.719 ; free physical = 136 ; free virtual = 2277
---------------------------------------------------------------------------------
INFO: [Synth 8-638] synthesizing module 'design_1_dlmb_v10_0' [/home/leonid/Desktop/dev/verilog/SoC_lab1/SoC_lab1.srcs/sources_1/bd/design_1/ip/design_1_dlmb_v10_0/synth/design_1_dlmb_v10_0.vhd:89]
	Parameter C_LMB_NUM_SLAVES bound to: 1 - type: integer 
	Parameter C_LMB_DWIDTH bound to: 32 - type: integer 
	Parameter C_LMB_AWIDTH bound to: 32 - type: integer 
	Parameter C_EXT_RESET_HIGH bound to: 1 - type: integer 
INFO: [Synth 8-3491] module 'lmb_v10' declared at '/home/leonid/Desktop/dev/verilog/SoC_lab1/SoC_lab1.srcs/sources_1/bd/design_1/ipshared/78eb/hdl/lmb_v10_v3_0_vh_rfs.vhd:92' bound to instance 'U0' of component 'lmb_v10' [/home/leonid/Desktop/dev/verilog/SoC_lab1/SoC_lab1.srcs/sources_1/bd/design_1/ip/design_1_dlmb_v10_0/synth/design_1_dlmb_v10_0.vhd:164]
INFO: [Synth 8-638] synthesizing module 'lmb_v10' [/home/leonid/Desktop/dev/verilog/SoC_lab1/SoC_lab1.srcs/sources_1/bd/design_1/ipshared/78eb/hdl/lmb_v10_v3_0_vh_rfs.vhd:140]
	Parameter C_LMB_NUM_SLAVES bound to: 1 - type: integer 
	Parameter C_LMB_DWIDTH bound to: 32 - type: integer 
	Parameter C_LMB_AWIDTH bound to: 32 - type: integer 
	Parameter C_EXT_RESET_HIGH bound to: 1 - type: integer 
INFO: [Synth 8-3491] module 'FDS' declared at '/tools/Xilinx/Vivado/2019.1/scripts/rt/data/unisim_comp.v:13787' bound to instance 'POR_FF_I' of component 'FDS' [/home/leonid/Desktop/dev/verilog/SoC_lab1/SoC_lab1.srcs/sources_1/bd/design_1/ipshared/78eb/hdl/lmb_v10_v3_0_vh_rfs.vhd:169]
INFO: [Synth 8-6157] synthesizing module 'FDS' [/tools/Xilinx/Vivado/2019.1/scripts/rt/data/unisim_comp.v:13787]
	Parameter INIT bound to: 1'b1 
INFO: [Synth 8-6155] done synthesizing module 'FDS' (1#1) [/tools/Xilinx/Vivado/2019.1/scripts/rt/data/unisim_comp.v:13787]
INFO: [Synth 8-256] done synthesizing module 'lmb_v10' (2#1) [/home/leonid/Desktop/dev/verilog/SoC_lab1/SoC_lab1.srcs/sources_1/bd/design_1/ipshared/78eb/hdl/lmb_v10_v3_0_vh_rfs.vhd:140]
INFO: [Synth 8-256] done synthesizing module 'design_1_dlmb_v10_0' (3#1) [/home/leonid/Desktop/dev/verilog/SoC_lab1/SoC_lab1.srcs/sources_1/bd/design_1/ip/design_1_dlmb_v10_0/synth/design_1_dlmb_v10_0.vhd:89]
---------------------------------------------------------------------------------
Finished RTL Elaboration : Time (s): cpu = 00:00:07 ; elapsed = 00:00:10 . Memory (MB): peak = 1852.105 ; gain = 208.438 ; free physical = 200 ; free virtual = 2120
---------------------------------------------------------------------------------

Report Check Netlist: 
+------+------------------+-------+---------+-------+------------------+
|      |Item              |Errors |Warnings |Status |Description       |
+------+------------------+-------+---------+-------+------------------+
|1     |multi_driven_nets |      0|        0|Passed |Multi driven nets |
+------+------------------+-------+---------+-------+------------------+
---------------------------------------------------------------------------------
Start Handling Custom Attributes
---------------------------------------------------------------------------------
---------------------------------------------------------------------------------
Finished Handling Custom Attributes : Time (s): cpu = 00:00:08 ; elapsed = 00:00:11 . Memory (MB): peak = 1858.043 ; gain = 214.375 ; free physical = 301 ; free virtual = 2224
---------------------------------------------------------------------------------
---------------------------------------------------------------------------------
Finished RTL Optimization Phase 1 : Time (s): cpu = 00:00:08 ; elapsed = 00:00:11 . Memory (MB): peak = 1858.043 ; gain = 214.375 ; free physical = 305 ; free virtual = 2228
---------------------------------------------------------------------------------
INFO: [Netlist 29-17] Analyzing 1 Unisim elements for replacement
INFO: [Netlist 29-28] Unisim Transformation completed in 0 CPU seconds
INFO: [Project 1-570] Preparing netlist for logic optimization

Processing XDC Constraints
Initializing timing engine
Parsing XDC File [/home/leonid/Desktop/dev/verilog/SoC_lab1/SoC_lab1.srcs/sources_1/bd/design_1/ip/design_1_dlmb_v10_0/design_1_dlmb_v10_0_ooc.xdc] for cell 'U0'
Finished Parsing XDC File [/home/leonid/Desktop/dev/verilog/SoC_lab1/SoC_lab1.srcs/sources_1/bd/design_1/ip/design_1_dlmb_v10_0/design_1_dlmb_v10_0_ooc.xdc] for cell 'U0'
Parsing XDC File [/home/leonid/Desktop/dev/verilog/SoC_lab1/SoC_lab1.srcs/sources_1/bd/design_1/ip/design_1_dlmb_v10_0/design_1_dlmb_v10_0.xdc] for cell 'U0'
Finished Parsing XDC File [/home/leonid/Desktop/dev/verilog/SoC_lab1/SoC_lab1.srcs/sources_1/bd/design_1/ip/design_1_dlmb_v10_0/design_1_dlmb_v10_0.xdc] for cell 'U0'
Parsing XDC File [/home/leonid/Desktop/dev/verilog/SoC_lab1/SoC_lab1.runs/design_1_dlmb_v10_0_synth_1/dont_touch.xdc]
Finished Parsing XDC File [/home/leonid/Desktop/dev/verilog/SoC_lab1/SoC_lab1.runs/design_1_dlmb_v10_0_synth_1/dont_touch.xdc]
Completed Processing XDC Constraints

Netlist sorting complete. Time (s): cpu = 00:00:00.01 ; elapsed = 00:00:00 . Memory (MB): peak = 1947.855 ; gain = 0.000 ; free physical = 147 ; free virtual = 2003
INFO: [Project 1-111] Unisim Transformation Summary:
  A total of 1 instances were transformed.
  FDS => FDSE: 1 instances

Constraint Validation Runtime : Time (s): cpu = 00:00:00.02 ; elapsed = 00:00:00.10 . Memory (MB): peak = 1947.855 ; gain = 0.000 ; free physical = 141 ; free virtual = 1999
---------------------------------------------------------------------------------
Finished Constraint Validation : Time (s): cpu = 00:00:16 ; elapsed = 00:00:21 . Memory (MB): peak = 1947.855 ; gain = 304.188 ; free physical = 262 ; free virtual = 2127
---------------------------------------------------------------------------------
---------------------------------------------------------------------------------
Start Loading Part and Timing Information
---------------------------------------------------------------------------------
Loading part: xc7a100tcsg324-1
---------------------------------------------------------------------------------
Finished Loading Part and Timing Information : Time (s): cpu = 00:00:16 ; elapsed = 00:00:21 . Memory (MB): peak = 1947.855 ; gain = 304.188 ; free physical = 262 ; free virtual = 2127
---------------------------------------------------------------------------------
---------------------------------------------------------------------------------
Start Applying 'set_property' XDC Constraints
---------------------------------------------------------------------------------
Applied set_property DONT_TOUCH = true for U0. (constraint file  /home/leonid/Desktop/dev/verilog/SoC_lab1/SoC_lab1.runs/design_1_dlmb_v10_0_synth_1/dont_touch.xdc, line 9).
---------------------------------------------------------------------------------
Finished applying 'set_property' XDC Constraints : Time (s): cpu = 00:00:16 ; elapsed = 00:00:21 . Memory (MB): peak = 1947.855 ; gain = 304.188 ; free physical = 263 ; free virtual = 2128
---------------------------------------------------------------------------------
---------------------------------------------------------------------------------
Finished RTL Optimization Phase 2 : Time (s): cpu = 00:00:16 ; elapsed = 00:00:22 . Memory (MB): peak = 1947.855 ; gain = 304.188 ; free physical = 252 ; free virtual = 2118
---------------------------------------------------------------------------------

Report RTL Partitions: 
+-+--------------+------------+----------+
| |RTL Partition |Replication |Instances |
+-+--------------+------------+----------+
+-+--------------+------------+----------+
---------------------------------------------------------------------------------
Start RTL Component Statistics 
---------------------------------------------------------------------------------
Detailed RTL Component Info : 
---------------------------------------------------------------------------------
Finished RTL Component Statistics 
---------------------------------------------------------------------------------
---------------------------------------------------------------------------------
Start RTL Hierarchical Component Statistics 
---------------------------------------------------------------------------------
Hierarchical RTL Component report 
---------------------------------------------------------------------------------
Finished RTL Hierarchical Component Statistics
---------------------------------------------------------------------------------
---------------------------------------------------------------------------------
Start Part Resource Summary
---------------------------------------------------------------------------------
Part Resources:
DSPs: 240 (col length:80)
BRAMs: 270 (col length: RAMB18 80 RAMB36 40)
---------------------------------------------------------------------------------
Finished Part Resource Summary
---------------------------------------------------------------------------------
---------------------------------------------------------------------------------
Start Cross Boundary and Area Optimization
---------------------------------------------------------------------------------
Warning: Parallel synthesis criteria is not met 
---------------------------------------------------------------------------------
Finished Cross Boundary and Area Optimization : Time (s): cpu = 00:00:17 ; elapsed = 00:00:22 . Memory (MB): peak = 1947.855 ; gain = 304.188 ; free physical = 285 ; free virtual = 2156
---------------------------------------------------------------------------------

Report RTL Partitions: 
+-+--------------+------------+----------+
| |RTL Partition |Replication |Instances |
+-+--------------+------------+----------+
+-+--------------+------------+----------+
---------------------------------------------------------------------------------
Start Applying XDC Timing Constraints
---------------------------------------------------------------------------------
---------------------------------------------------------------------------------
Finished Applying XDC Timing Constraints : Time (s): cpu = 00:00:27 ; elapsed = 00:00:32 . Memory (MB): peak = 1947.855 ; gain = 304.188 ; free physical = 146 ; free virtual = 1847
---------------------------------------------------------------------------------
---------------------------------------------------------------------------------
Start Timing Optimization
---------------------------------------------------------------------------------
---------------------------------------------------------------------------------
Finished Timing Optimization : Time (s): cpu = 00:00:27 ; elapsed = 00:00:32 . Memory (MB): peak = 1947.855 ; gain = 304.188 ; free physical = 152 ; free virtual = 1847
---------------------------------------------------------------------------------

Report RTL Partitions: 
+-+--------------+------------+----------+
| |RTL Partition |Replication |Instances |
+-+--------------+------------+----------+
+-+--------------+------------+----------+
---------------------------------------------------------------------------------
Start Technology Mapping
---------------------------------------------------------------------------------
---------------------------------------------------------------------------------
Finished Technology Mapping : Time (s): cpu = 00:00:27 ; elapsed = 00:00:32 . Memory (MB): peak = 1947.855 ; gain = 304.188 ; free physical = 151 ; free virtual = 1839
---------------------------------------------------------------------------------

Report RTL Partitions: 
+-+--------------+------------+----------+
| |RTL Partition |Replication |Instances |
+-+--------------+------------+----------+
+-+--------------+------------+----------+
---------------------------------------------------------------------------------
Start IO Insertion
---------------------------------------------------------------------------------
---------------------------------------------------------------------------------
Start Flattening Before IO Insertion
---------------------------------------------------------------------------------
---------------------------------------------------------------------------------
Finished Flattening Before IO Insertion
---------------------------------------------------------------------------------
---------------------------------------------------------------------------------
Start Final Netlist Cleanup
---------------------------------------------------------------------------------
---------------------------------------------------------------------------------
Finished Final Netlist Cleanup
---------------------------------------------------------------------------------
---------------------------------------------------------------------------------
Finished IO Insertion : Time (s): cpu = 00:00:29 ; elapsed = 00:00:35 . Memory (MB): peak = 1949.699 ; gain = 306.031 ; free physical = 137 ; free virtual = 1758
---------------------------------------------------------------------------------

Report Check Netlist: 
+------+------------------+-------+---------+-------+------------------+
|      |Item              |Errors |Warnings |Status |Description       |
+------+------------------+-------+---------+-------+------------------+
|1     |multi_driven_nets |      0|        0|Passed |Multi driven nets |
+------+------------------+-------+---------+-------+------------------+
---------------------------------------------------------------------------------
Start Renaming Generated Instances
---------------------------------------------------------------------------------
---------------------------------------------------------------------------------
Finished Renaming Generated Instances : Time (s): cpu = 00:00:29 ; elapsed = 00:00:35 . Memory (MB): peak = 1949.699 ; gain = 306.031 ; free physical = 137 ; free virtual = 1758
---------------------------------------------------------------------------------

Report RTL Partitions: 
+-+--------------+------------+----------+
| |RTL Partition |Replication |Instances |
+-+--------------+------------+----------+
+-+--------------+------------+----------+
---------------------------------------------------------------------------------
Start Rebuilding User Hierarchy
---------------------------------------------------------------------------------
---------------------------------------------------------------------------------
Finished Rebuilding User Hierarchy : Time (s): cpu = 00:00:29 ; elapsed = 00:00:35 . Memory (MB): peak = 1949.699 ; gain = 306.031 ; free physical = 137 ; free virtual = 1758
---------------------------------------------------------------------------------
---------------------------------------------------------------------------------
Start Renaming Generated Ports
---------------------------------------------------------------------------------
---------------------------------------------------------------------------------
Finished Renaming Generated Ports : Time (s): cpu = 00:00:29 ; elapsed = 00:00:35 . Memory (MB): peak = 1949.699 ; gain = 306.031 ; free physical = 137 ; free virtual = 1758
---------------------------------------------------------------------------------
---------------------------------------------------------------------------------
Start Handling Custom Attributes
---------------------------------------------------------------------------------
---------------------------------------------------------------------------------
Finished Handling Custom Attributes : Time (s): cpu = 00:00:29 ; elapsed = 00:00:35 . Memory (MB): peak = 1949.699 ; gain = 306.031 ; free physical = 136 ; free virtual = 1757
---------------------------------------------------------------------------------
---------------------------------------------------------------------------------
Start Renaming Generated Nets
---------------------------------------------------------------------------------
---------------------------------------------------------------------------------
Finished Renaming Generated Nets : Time (s): cpu = 00:00:29 ; elapsed = 00:00:35 . Memory (MB): peak = 1949.699 ; gain = 306.031 ; free physical = 136 ; free virtual = 1757
---------------------------------------------------------------------------------
---------------------------------------------------------------------------------
Start Writing Synthesis Report
---------------------------------------------------------------------------------

Report BlackBoxes: 
+-+--------------+----------+
| |BlackBox name |Instances |
+-+--------------+----------+
+-+--------------+----------+

Report Cell Usage: 
+------+-----+------+
|      |Cell |Count |
+------+-----+------+
|1     |FDS  |     1|
+------+-----+------+

Report Instance Areas: 
+------+---------+--------+------+
|      |Instance |Module  |Cells |
+------+---------+--------+------+
|1     |top      |        |     1|
|2     |  U0     |lmb_v10 |     1|
+------+---------+--------+------+
---------------------------------------------------------------------------------
Finished Writing Synthesis Report : Time (s): cpu = 00:00:29 ; elapsed = 00:00:35 . Memory (MB): peak = 1949.699 ; gain = 306.031 ; free physical = 136 ; free virtual = 1757
---------------------------------------------------------------------------------
Synthesis finished with 0 errors, 0 critical warnings and 0 warnings.
Synthesis Optimization Runtime : Time (s): cpu = 00:00:26 ; elapsed = 00:00:30 . Memory (MB): peak = 1949.699 ; gain = 216.219 ; free physical = 186 ; free virtual = 1808
Synthesis Optimization Complete : Time (s): cpu = 00:00:29 ; elapsed = 00:00:35 . Memory (MB): peak = 1949.707 ; gain = 306.031 ; free physical = 185 ; free virtual = 1807
INFO: [Project 1-571] Translating synthesized netlist
INFO: [Netlist 29-17] Analyzing 1 Unisim elements for replacement
INFO: [Netlist 29-28] Unisim Transformation completed in 0 CPU seconds
INFO: [Project 1-570] Preparing netlist for logic optimization
INFO: [Opt 31-138] Pushed 0 inverter(s) to 0 load pin(s).
Netlist sorting complete. Time (s): cpu = 00:00:00 ; elapsed = 00:00:00 . Memory (MB): peak = 1962.574 ; gain = 0.000 ; free physical = 126 ; free virtual = 1676
INFO: [Project 1-111] Unisim Transformation Summary:
  A total of 1 instances were transformed.
  FDS => FDSE: 1 instances

INFO: [Common 17-83] Releasing license: Synthesis
21 Infos, 0 Warnings, 0 Critical Warnings and 0 Errors encountered.
synth_design completed successfully
synth_design: Time (s): cpu = 00:00:35 ; elapsed = 00:00:40 . Memory (MB): peak = 1962.574 ; gain = 536.945 ; free physical = 217 ; free virtual = 1767
Netlist sorting complete. Time (s): cpu = 00:00:00 ; elapsed = 00:00:00 . Memory (MB): peak = 1962.574 ; gain = 0.000 ; free physical = 212 ; free virtual = 1762
WARNING: [Constraints 18-5210] No constraints selected for write.
Resolution: This message can indicate that there are no constraints for the design, or it can indicate that the used_in flags are set such that the constraints are ignored. This later case is used when running synth_design to not write synthesis constraints to the resulting checkpoint. Instead, project constraints are read when the synthesized design is opened.
INFO: [Common 17-1381] The checkpoint '/home/leonid/Desktop/dev/verilog/SoC_lab1/SoC_lab1.runs/design_1_dlmb_v10_0_synth_1/design_1_dlmb_v10_0.dcp' has been generated.
WARNING: [Common 17-576] 'use_project_ipc' is deprecated. This option is deprecated and no longer used.
INFO: [Coretcl 2-1648] Added synthesis output to IP cache for IP design_1_dlmb_v10_0, cache-ID = 6632c357ba643891
Netlist sorting complete. Time (s): cpu = 00:00:00 ; elapsed = 00:00:00 . Memory (MB): peak = 1962.574 ; gain = 0.000 ; free physical = 180 ; free virtual = 1744
WARNING: [Constraints 18-5210] No constraints selected for write.
Resolution: This message can indicate that there are no constraints for the design, or it can indicate that the used_in flags are set such that the constraints are ignored. This later case is used when running synth_design to not write synthesis constraints to the resulting checkpoint. Instead, project constraints are read when the synthesized design is opened.
INFO: [Common 17-1381] The checkpoint '/home/leonid/Desktop/dev/verilog/SoC_lab1/SoC_lab1.runs/design_1_dlmb_v10_0_synth_1/design_1_dlmb_v10_0.dcp' has been generated.
INFO: [runtcl-4] Executing : report_utilization -file design_1_dlmb_v10_0_utilization_synth.rpt -pb design_1_dlmb_v10_0_utilization_synth.pb
INFO: [Common 17-206] Exiting Vivado at Thu Sep 14 13:55:43 2023...
