INFO-FLOW: Workspace /home/leonid/Desktop/university/year4/System-on-a-chip/lab2/solution1 opened at Wed Oct 04 15:17:48 MSK 2023
Execute     config_clock -quiet -name default -period 10 -default=false 
INFO: [SYN 201-201] Setting up clock 'default' with a period of 10ns.
Execute     open_platform DefaultPlatform 
Execute     import_lib /tools/Xilinx/Vivado/2019.1/common/technology/xilinx/artix7/artix7 
Execute       source /tools/Xilinx/Vivado/2019.1/common/technology/xilinx/common/xilinx.lib 
Execute         source /tools/Xilinx/Vivado/2019.1/common/technology/xilinx/interface/xilinx_interface.lib 
Execute           source /tools/Xilinx/Vivado/2019.1/common/technology/xilinx/interface/plb46.lib 
Execute           source /tools/Xilinx/Vivado/2019.1/common/technology/xilinx/interface/fsl.lib 
Execute           source /tools/Xilinx/Vivado/2019.1/common/technology/xilinx/interface/axi4.lib 
Execute           source /tools/Xilinx/Vivado/2019.1/common/technology/xilinx/interface/maxi.lib 
Execute           source /tools/Xilinx/Vivado/2019.1/common/technology/xilinx/interface/saxilite.lib 
Execute         source /tools/Xilinx/Vivado/2019.1/common/technology/xilinx/common/dsp48.lib 
Execute         source /tools/Xilinx/Vivado/2019.1/common/technology/xilinx/ip/xfir.lib 
Execute         source /tools/Xilinx/Vivado/2019.1/common/technology/xilinx/ip/dds_compiler.lib 
Execute         source /tools/Xilinx/Vivado/2019.1/common/technology/xilinx/ip/xfft.lib 
Execute       source /tools/Xilinx/Vivado/2019.1/common/technology/xilinx/common/xilinx.hlp 
Execute         source /tools/Xilinx/Vivado/2019.1/common/technology/xilinx/common/target_info.tcl 
Execute         source /tools/Xilinx/Vivado/2019.1/common/technology/xilinx/interface/xilinx_interface.hlp 
Execute           source /tools/Xilinx/Vivado/2019.1/common/technology/xilinx/interface/maxi.hlp 
Execute           source /tools/Xilinx/Vivado/2019.1/common/technology/xilinx/interface/saxilite.hlp 
Execute         source /tools/Xilinx/Vivado/2019.1/common/technology/xilinx/common/dsp48.hlp 
Execute       source /tools/Xilinx/Vivado/2019.1/common/technology/xilinx/artix7/dsp48e1.hlp 
Execute       source /tools/Xilinx/Vivado/2019.1/common/technology/xilinx/common/xilinx.hlp 
Execute         source /tools/Xilinx/Vivado/2019.1/common/technology/xilinx/common/target_info.tcl 
Execute         source /tools/Xilinx/Vivado/2019.1/common/technology/xilinx/interface/xilinx_interface.hlp 
Execute           source /tools/Xilinx/Vivado/2019.1/common/technology/xilinx/interface/maxi.hlp 
Execute           source /tools/Xilinx/Vivado/2019.1/common/technology/xilinx/interface/saxilite.hlp 
Execute         source /tools/Xilinx/Vivado/2019.1/common/technology/xilinx/common/dsp48.hlp 
Execute     source /tools/Xilinx/Vivado/2019.1/common/technology/xilinx/artix7/artix7.gen 
Execute       source /tools/Xilinx/Vivado/2019.1/common/technology/xilinx/common/xilinx.gen 
Execute         source /tools/Xilinx/Vivado/2019.1/common/technology/xilinx/interface/plb46.gen 
Execute         source /tools/Xilinx/Vivado/2019.1/common/technology/xilinx/interface/fsl.gen 
Execute         source /tools/Xilinx/Vivado/2019.1/common/technology/xilinx/interface/axi4.gen 
Execute         source /tools/Xilinx/Vivado/2019.1/common/technology/xilinx/interface/nativeAXI4.gen 
Execute           source /tools/Xilinx/Vivado/2019.1/common/technology/xilinx/interface/saxilite.gen 
Execute           source /tools/Xilinx/Vivado/2019.1/common/technology/xilinx/interface/maxi.gen 
Execute         source /tools/Xilinx/Vivado/2019.1/common/technology/xilinx/scripts/xilinxcoregen.gen 
Execute         source /tools/Xilinx/Vivado/2019.1/common/technology/xilinx/interface/XilEDKCoreGen.gen 
Execute         source /tools/Xilinx/Vivado/2019.1/common/technology/xilinx/ip/dds_compiler.gen 
Execute         source /tools/Xilinx/Vivado/2019.1/common/technology/xilinx/ip/util.gen 
Execute         source /tools/Xilinx/Vivado/2019.1/common/technology/xilinx/ip/xfft.gen 
Execute         source /tools/Xilinx/Vivado/2019.1/common/technology/xilinx/ip/xfir.gen 
Execute         source /tools/Xilinx/Vivado/2019.1/common/technology/xilinx/common/dsp48.gen 
Execute     open_platform DefaultPlatform 
Execute     import_lib /tools/Xilinx/Vivado/2019.1/common/technology/xilinx/artix7/artix7_fpv6 
Execute       source /tools/Xilinx/Vivado/2019.1/common/technology/xilinx/common/xilinx_fp.lib 
Execute       source /tools/Xilinx/Vivado/2019.1/common/technology/xilinx/common/xilinx_fp.hlp 
Execute         source /tools/Xilinx/Vivado/2019.1/common/technology/xilinx/common/xilinx.hlp 
Execute           source /tools/Xilinx/Vivado/2019.1/common/technology/xilinx/common/target_info.tcl 
Execute           source /tools/Xilinx/Vivado/2019.1/common/technology/xilinx/interface/xilinx_interface.hlp 
Execute             source /tools/Xilinx/Vivado/2019.1/common/technology/xilinx/interface/maxi.hlp 
Execute             source /tools/Xilinx/Vivado/2019.1/common/technology/xilinx/interface/saxilite.hlp 
Execute           source /tools/Xilinx/Vivado/2019.1/common/technology/xilinx/common/dsp48.hlp 
Execute     source /tools/Xilinx/Vivado/2019.1/common/technology/xilinx/artix7/artix7_fpv6.gen 
Execute       source /tools/Xilinx/Vivado/2019.1/common/technology/xilinx/common/xilinx_fp.gen 
Execute     set_part xc7a100t-csg324-1 
Execute       ap_part_info -name xc7a100t-csg324-1 -data single -quiet 
Command       ap_part_info done; 0.43 sec.
Execute       ap_part_info -name xc7a100t-csg324-1 -data info 
Execute       add_library xilinx/artix7/artix7:xc7a100t:-csg324:-1 
Execute         get_default_platform 
Execute         license_isbetapart xc7a100t 
Command         license_isbetapart done; error code: 1; 
Execute         ap_part_info -data single -name xc7a100t-csg324-1 
Execute         ap_part_info -name xc7a100t-csg324-1 -data resources 
Execute         ap_part_info -name xc7a100t-csg324-1 -data info 
Execute         ap_part_info -name xc7a100t-csg324-1 -data info 
Execute         config_chip_info -quiet -resource {SLICE 15850} {LUT 63400} {FF 126800} {DSP48E 240} {BRAM 270} {URAM 0} 
Execute         ap_part_info -name xc7a100t-csg324-1 -data info 
Execute         config_chip_info -quiet -speed slow 
Execute       add_library xilinx/artix7/artix7_fpv6 
Execute         get_default_platform 
INFO: [HLS 200-10] Setting target device to 'xc7a100t-csg324-1'
Execute       ap_part_info -name xc7a100t-csg324-1 -data info 
Execute       get_default_platform 
Command     set_part done; 0.51 sec.
Execute     ap_part_info -data single -name xc7a100t-csg324-1 
Execute     ap_part_info -name xc7a100t-csg324-1 -data resources 
Execute     ap_part_info -name xc7a100t-csg324-1 -data info 
Execute     ap_part_info -name xc7a100t-csg324-1 -data info 
Execute     config_chip_info -quiet -resource {SLICE 15850} {LUT 63400} {FF 126800} {DSP48E 240} {BRAM 270} {URAM 0} 
Execute     ap_part_info -name xc7a100t-csg324-1 -data info 
Execute     config_chip_info -quiet -speed slow 
Command   open_solution done; 0.65 sec.
Execute   set_part xc7a100t-csg324-1 -tool vivado 
Execute     ap_part_info -name xc7a100t-csg324-1 -data single -quiet 
Execute     ap_part_info -name xc7a100t-csg324-1 -data info 
Execute     add_library xilinx/artix7/artix7:xc7a100t:-csg324:-1 
Execute       get_default_platform 
Execute       license_isbetapart xc7a100t 
Command       license_isbetapart done; error code: 1; 
Execute       ap_part_info -data single -name xc7a100t-csg324-1 
Execute       ap_part_info -name xc7a100t-csg324-1 -data resources 
Execute       ap_part_info -name xc7a100t-csg324-1 -data info 
Execute       ap_part_info -name xc7a100t-csg324-1 -data info 
Execute       config_chip_info -quiet -resource {SLICE 15850} {LUT 63400} {FF 126800} {DSP48E 240} {BRAM 270} {URAM 0} 
Execute       ap_part_info -name xc7a100t-csg324-1 -data info 
Execute       config_chip_info -quiet -speed slow 
Execute     add_library xilinx/artix7/artix7_fpv6 
Execute       get_default_platform 
Execute     ap_part_info -name xc7a100t-csg324-1 -data info 
Execute     get_default_platform 
Execute   create_clock -period 10 -name default 
Execute     config_clock -quiet -name default -period 10 -default=false 
INFO: [SYN 201-201] Setting up clock 'default' with a period of 10ns.
Execute   csynth_design 
Execute     get_config_compile -dump_cfg 
Execute     get_config_compile -effort 
Execute     get_config_compile -enable_clang39 
Execute     get_config_compile -g 
Execute     get_config_compile -ng 
Execute     get_config_compile -opt_fp 
Execute     get_config_compile -skip_cdt 
Execute     get_config_compile -skip_syncheck 
Execute     get_config_compile -skip_transform 
Execute     get_config_compile -keep_printf 
Execute     elaborate -effort=medium -skip_syncheck=0 -keep_printf=0 -skip_cdt=0 -skip_transform=0 -ng=0 -g=0 -opt_fp=0 -from_csynth_design=1 
Execute       get_config_schedule -relax_ii_for_timing 
INFO: [SCHED 204-61] Option 'relax_ii_for_timing' is enabled, will increase II to preserve clock frequency constraints.
Execute       get_config_schedule -suppress_dependence_error_break 
INFO: [HLS 200-10] Analyzing design file 'lab2/.apc/main.c' ... 
INFO-FLOW: Compiling one TU...
Execute       is_m_axi_addr64 
INFO-FLOW: Handling lab2/.apc/main.c as C
Execute       ap_part_info -name xc7a100t-csg324-1 -data info 
Execute       is_encrypted lab2/.apc/main.c 
INFO-FLOW: Running: GCC PP
INFO-FLOW: Source preprocessing
Execute       clang  -fno-limit-debug-info -gcc-toolchain "/tools/Xilinx/Vivado/2019.1/lnx64/tools/gcc" -hls  -fno-exceptions  -D__llvm__  -E "lab2/.apc/main.c"     -fno-math-errno -c -emit-llvm -O0  -mllvm -disable-llvm-optzns -std=gnu89   -DAESL_SYN -D__SYNTHESIS__ -D__HLS_SYN__ -I "/tools/Xilinx/Vivado/2019.1/common/technology/autopilot" -I "/tools/Xilinx/Vivado/2019.1/common/technology/autopilot/ap_sysc" -include etc/autopilot_ssdm_op.h -D__DSP48E1__  -o "/home/leonid/Desktop/university/year4/System-on-a-chip/lab2/solution1/.autopilot/db/main.pp.0.c" 
INFO-FLOW: exec /tools/Xilinx/Vivado/2019.1/lnx64/tools/clang/bin/clang -fno-limit-debug-info -gcc-toolchain /tools/Xilinx/Vivado/2019.1/lnx64/tools/gcc -hls -fno-exceptions -D__llvm__ -E lab2/.apc/main.c -fno-math-errno -c -emit-llvm -O0 -mllvm -disable-llvm-optzns -std=gnu89 -DAESL_SYN -D__SYNTHESIS__ -D__HLS_SYN__ -I /tools/Xilinx/Vivado/2019.1/common/technology/autopilot -I /tools/Xilinx/Vivado/2019.1/common/technology/autopilot/ap_sysc -include etc/autopilot_ssdm_op.h -D__DSP48E1__ -o /home/leonid/Desktop/university/year4/System-on-a-chip/lab2/solution1/.autopilot/db/main.pp.0.c
WARNING: [HLS 200-40] lab2/.apc/main.c:1:10: fatal error: 'main.h' file not found
#include "main.h"
         ^
1 error generated.
Command       clang done; error code: 2; 1.44 sec.
Command     elaborate done; error code: 2; 1.45 sec.
Command   csynth_design done; error code: 2; 1.45 sec.
Command ap_source done; error code: 1; 2.17 sec.
Execute cleanup_all 
