#-----------------------------------------------------------
# Webtalk v2019.1 (64-bit)
# SW Build 2552052 on Fri May 24 14:47:09 MDT 2019
# 
# Start of session at: Thu Sep 14 18:26:40 2023
# Process ID: 145829
# Current directory: /home/leonid/Desktop/dev/verilog/SoC_lab1/SoC_lab1.sdk/webtalk
# Command line: wbtcv -mode batch -source sdk_webtalk.tcl
# Log file: /home/leonid/Desktop/dev/verilog/SoC_lab1/SoC_lab1.sdk/webtalk/webtalk.log
# Journal file: /home/leonid/Desktop/dev/verilog/SoC_lab1/SoC_lab1.sdk/webtalk/webtalk.jou
#-----------------------------------------------------------
source sdk_webtalk.tcl
# webtalk_init -webtalk_dir /home/leonid/Desktop/dev/verilog/SoC_lab1/SoC_lab1.sdk/webtalk
# webtalk_register_client -client project
# webtalk_add_data -client project -key date_generated -value "2023-09-14 18:26:39" -context "software_version_and_target_device"
# webtalk_add_data -client project -key product_version -value "SDK v2019.1" -context "software_version_and_target_device"
# webtalk_add_data -client project -key build_version -value "2019.1" -context "software_version_and_target_device"
# webtalk_add_data -client project -key os_platform -value "amd64" -context "software_version_and_target_device"
# webtalk_add_data -client project -key registration_id -value "" -context "software_version_and_target_device"
# webtalk_add_data -client project -key tool_flow -value "SDK" -context "software_version_and_target_device"
# webtalk_add_data -client project -key beta -value "false" -context "software_version_and_target_device"
# webtalk_add_data -client project -key route_design -value "NA" -context "software_version_and_target_device"
# webtalk_add_data -client project -key target_family -value "NA" -context "software_version_and_target_device"
# webtalk_add_data -client project -key target_device -value "NA" -context "software_version_and_target_device"
# webtalk_add_data -client project -key target_package -value "NA" -context "software_version_and_target_device"
# webtalk_add_data -client project -key target_speed -value "NA" -context "software_version_and_target_device"
# webtalk_add_data -client project -key random_id -value "itp0jqp1r2u9l61cl4ge58sbkf" -context "software_version_and_target_device"
# webtalk_add_data -client project -key project_id -value "2019.1_2" -context "software_version_and_target_device"
# webtalk_add_data -client project -key project_iteration -value "2" -context "software_version_and_target_device"
# webtalk_add_data -client project -key os_name -value "Ubuntu" -context "user_environment"
# webtalk_add_data -client project -key os_release -value "Ubuntu 22.04.2 LTS" -context "user_environment"
# webtalk_add_data -client project -key cpu_name -value "Intel(R) Core(TM) i5-8265U CPU @ 1.60GHz" -context "user_environment"
# webtalk_add_data -client project -key cpu_speed -value "3731.325 MHz" -context "user_environment"
# webtalk_add_data -client project -key total_processors -value "1" -context "user_environment"
# webtalk_add_data -client project -key system_ram -value "8.026 GB" -context "user_environment"
# webtalk_register_client -client sdk
# webtalk_add_data -client sdk -key uid -value "1694689762000" -context "sdk\\\\hardware/1694689762000"
# webtalk_add_data -client sdk -key isZynq -value "false" -context "sdk\\\\hardware/1694689762000"
# webtalk_add_data -client sdk -key isZynqMP -value "false" -context "sdk\\\\hardware/1694689762000"
# webtalk_add_data -client sdk -key Processors -value "1" -context "sdk\\\\hardware/1694689762000"
# webtalk_add_data -client sdk -key VivadoVersion -value "2019.1" -context "sdk\\\\hardware/1694689762000"
# webtalk_add_data -client sdk -key Arch -value "artix7" -context "sdk\\\\hardware/1694689762000"
# webtalk_add_data -client sdk -key Device -value "7a100t" -context "sdk\\\\hardware/1694689762000"
# webtalk_add_data -client sdk -key IsHandoff -value "true" -context "sdk\\\\hardware/1694689762000"
# webtalk_add_data -client sdk -key os -value "NA" -context "sdk\\\\hardware/1694689762000"
# webtalk_add_data -client sdk -key apptemplate -value "NA" -context "sdk\\\\hardware/1694689762000"
# webtalk_add_data -client sdk -key RecordType -value "HWCreation" -context "sdk\\\\hardware/1694689762000"
# webtalk_add_data -client sdk -key uid -value "1694689803000" -context "sdk\\\\bsp/1694689803000"
# webtalk_add_data -client sdk -key hwid -value "1694689762000" -context "sdk\\\\bsp/1694689803000"
# webtalk_add_data -client sdk -key os -value "standalone" -context "sdk\\\\bsp/1694689803000"
# webtalk_add_data -client sdk -key apptemplate -value "hello_world" -context "sdk\\\\bsp/1694689803000"
# webtalk_add_data -client sdk -key RecordType -value "BSPCreation" -context "sdk\\\\bsp/1694689803000"
# webtalk_add_data -client sdk -key uid -value "1694689805000" -context "sdk\\\\application/1694689805000"
# webtalk_add_data -client sdk -key hwid -value "1694689762000" -context "sdk\\\\application/1694689805000"
# webtalk_add_data -client sdk -key bspid -value "1694689803000" -context "sdk\\\\application/1694689805000"
# webtalk_add_data -client sdk -key newbsp -value "true" -context "sdk\\\\application/1694689805000"
# webtalk_add_data -client sdk -key os -value "standalone" -context "sdk\\\\application/1694689805000"
# webtalk_add_data -client sdk -key apptemplate -value "hello_world" -context "sdk\\\\application/1694689805000"
# webtalk_add_data -client sdk -key RecordType -value "APPCreation" -context "sdk\\\\application/1694689805000"
# webtalk_add_data -client sdk -key LangUsed -value "C" -context "sdk\\\\application/1694689805000"
# webtalk_add_data -client sdk -key Procused -value "microblaze" -context "sdk\\\\application/1694689805000"
# webtalk_add_data -client sdk -key projSize -value "378.8828125" -context "sdk\\\\application/1694689805000"
# webtalk_add_data -client sdk -key uid -value "NA" -context "sdk\\\\bsp/1694705199362"
# webtalk_add_data -client sdk -key RecordType -value "ToolUsage" -context "sdk\\\\bsp/1694705199362"
# webtalk_add_data -client sdk -key BootgenCount -value "0" -context "sdk\\\\bsp/1694705199362"
# webtalk_add_data -client sdk -key DebugCount -value "0" -context "sdk\\\\bsp/1694705199362"
# webtalk_add_data -client sdk -key PerfCount -value "0" -context "sdk\\\\bsp/1694705199362"
# webtalk_add_data -client sdk -key FlashCount -value "0" -context "sdk\\\\bsp/1694705199362"
# webtalk_add_data -client sdk -key CrossTriggCount -value "0" -context "sdk\\\\bsp/1694705199362"
# webtalk_add_data -client sdk -key QemuDebugCount -value "0" -context "sdk\\\\bsp/1694705199362"
# webtalk_transmit -clientid 1071958677 -regid "" -xml /home/leonid/Desktop/dev/verilog/SoC_lab1/SoC_lab1.sdk/webtalk/usage_statistics_ext_sdk.xml -html /home/leonid/Desktop/dev/verilog/SoC_lab1/SoC_lab1.sdk/webtalk/usage_statistics_ext_sdk.html -wdm /home/leonid/Desktop/dev/verilog/SoC_lab1/SoC_lab1.sdk/webtalk/sdk_webtalk.wdm -intro "<H3>SDK Usage Report</H3><BR>"
# webtalk_terminate
INFO: [Common 17-206] Exiting Webtalk at Thu Sep 14 18:26:41 2023...
